#
# There is insufficient memory for the Java Runtime Environment to continue.
# Native memory allocation (mmap) failed to map 76546048 bytes for committing reserved memory.
# Possible reasons:
#   The system is out of physical RAM or swap space
#   In 32 bit mode, the process size limit was hit
# Possible solutions:
#   Reduce memory load on the system
#   Increase physical memory or swap space
#   Check if swap backing store is full
#   Use 64 bit Java on a 64 bit OS
#   Decrease Java heap size (-Xmx/-Xms)
#   Decrease number of Java threads
#   Decrease Java thread stack sizes (-Xss)
#   Set larger code cache with -XX:ReservedCodeCacheSize=
# This output file may be truncated or incomplete.
#
#  Out of Memory Error (os_linux.cpp:2671), pid=8167, tid=140436302718720
#
# JRE version: Java(TM) SE Runtime Environment (8.0_25-b17) (build 1.8.0_25-b17)
# Java VM: Java HotSpot(TM) 64-Bit Server VM (25.25-b02 mixed mode linux-amd64 compressed oops)
# Failed to write core dump. Core dumps have been disabled. To enable core dumping, try "ulimit -c unlimited" before starting Java again
#

---------------  T H R E A D  ---------------

Current thread (0x00007fb9f4070800):  VMThread [stack: 0x00007fb9dfdfe000,0x00007fb9dfeff000] [id=8175]

Stack: [0x00007fb9dfdfe000,0x00007fb9dfeff000],  sp=0x00007fb9dfefd070,  free space=1020k
Native frames: (J=compiled Java code, j=interpreted, Vv=VM code, C=native code)
V  [libjvm.so+0xa7923a]  VMError::report_and_die()+0x2ca
V  [libjvm.so+0x4e552b]  report_vm_out_of_memory(char const*, int, unsigned long, VMErrorType, char const*)+0x8b
V  [libjvm.so+0x8e5613]  os::Linux::commit_memory_impl(char*, unsigned long, bool)+0x103
V  [libjvm.so+0x8e5b69]  os::pd_commit_memory(char*, unsigned long, unsigned long, bool)+0x29
V  [libjvm.so+0x8df83a]  os::commit_memory(char*, unsigned long, unsigned long, bool)+0x2a
V  [libjvm.so+0x94f923]  PSVirtualSpace::expand_by(unsigned long)+0x53
V  [libjvm.so+0x950d28]  PSYoungGen::resize_generation(unsigned long, unsigned long)+0xf8
V  [libjvm.so+0x94fe82]  PSYoungGen::resize(unsigned long, unsigned long)+0x22
V  [libjvm.so+0x94d163]  PSScavenge::invoke_no_policy()+0xf53
V  [libjvm.so+0x94d8e1]  PSScavenge::invoke()+0x41
V  [libjvm.so+0x907800]  ParallelScavengeHeap::failed_mem_allocate(unsigned long)+0x70
V  [libjvm.so+0xa7a8b7]  VM_ParallelGCFailedAllocation::doit()+0x97
V  [libjvm.so+0xa81fd5]  VM_Operation::evaluate()+0x55
V  [libjvm.so+0xa803aa]  VMThread::evaluate_operation(VM_Operation*)+0xba
V  [libjvm.so+0xa8072e]  VMThread::loop()+0x1ce
V  [libjvm.so+0xa80ba0]  VMThread::run()+0x70
V  [libjvm.so+0x8e7d48]  java_start(Thread*)+0x108

VM_Operation (0x00007fb9fde04250): ParallelGCFailedAllocation, mode: safepoint, requested by thread 0x00007fb9f400b800


---------------  P R O C E S S  ---------------

Java Threads: ( => current thread )
  0x00007fb9f40b0800 JavaThread "Service Thread" daemon [_thread_blocked, id=8181, stack(0x00007fb9df3bb000,0x00007fb9df4bc000)]
  0x00007fb9f40ac000 JavaThread "C1 CompilerThread1" daemon [_thread_blocked, id=8180, stack(0x00007fb9df4bc000,0x00007fb9df5bd000)]
  0x00007fb9f40a9000 JavaThread "C2 CompilerThread0" daemon [_thread_blocked, id=8179, stack(0x00007fb9df5bd000,0x00007fb9df6be000)]
  0x00007fb9f40a7000 JavaThread "Signal Dispatcher" daemon [_thread_blocked, id=8178, stack(0x00007fb9df6be000,0x00007fb9df7bf000)]
  0x00007fb9f4079800 JavaThread "Finalizer" daemon [_thread_blocked, id=8177, stack(0x00007fb9dfbfc000,0x00007fb9dfcfd000)]
  0x00007fb9f4077800 JavaThread "Reference Handler" daemon [_thread_blocked, id=8176, stack(0x00007fb9dfcfd000,0x00007fb9dfdfe000)]
  0x00007fb9f400b800 JavaThread "main" [_thread_blocked, id=8172, stack(0x00007fb9fdd05000,0x00007fb9fde06000)]

Other Threads:
=>0x00007fb9f4070800 VMThread [stack: 0x00007fb9dfdfe000,0x00007fb9dfeff000] [id=8175]
  0x00007fb9f40c6000 WatcherThread [stack: 0x00007fb9df2ba000,0x00007fb9df3bb000] [id=8182]

VM state:at safepoint (normal execution)

VM Mutex/Monitor currently owned by a thread:  ([mutex/lock_event])
[0x00007fb9f4007b10] Threads_lock - owner thread: 0x00007fb9f4070800
[0x00007fb9f4008010] Heap_lock - owner thread: 0x00007fb9f400b800

Heap:
 PSYoungGen      total 136192K, used 6950K [0x00000000eab00000, 0x00000000f3b00000, 0x0000000100000000)
  eden space 125952K, 0% used [0x00000000eab00000,0x00000000eab00000,0x00000000f2600000)
  from space 10240K, 67% used [0x00000000f2600000,0x00000000f2cc9bc8,0x00000000f3000000)
  to   space 9216K, 0% used [0x00000000f3000000,0x00000000f3000000,0x00000000f3900000)
 ParOldGen       total 42496K, used 24124K [0x00000000c0000000, 0x00000000c2980000, 0x00000000eab00000)
  object space 42496K, 56% used [0x00000000c0000000,0x00000000c178f108,0x00000000c2980000)
 Metaspace       used 7185K, capacity 7498K, committed 7680K, reserved 1056768K
  class space    used 752K, capacity 757K, committed 768K, reserved 1048576K

Card table byte_map: [0x00007fb9fa926000,0x00007fb9fab27000] byte_map_base: 0x00007fb9fa326000

Marking Bits: (ParMarkBitMap*) 0x00007fb9fd1e12c0
 Begin Bits: [0x00007fb9f85ce000, 0x00007fb9f95ce000)
 End Bits:   [0x00007fb9f95ce000, 0x00007fb9fa5ce000)

Polling page: 0x00007fb9fde28000

CodeCache: size=245760Kb used=4765Kb max_used=4776Kb free=240994Kb
 bounds [0x00007fb9e5000000, 0x00007fb9e54c0000, 0x00007fb9f4000000]
 total_blobs=1924 nmethods=1633 adapters=207
 compilation: enabled

Compilation events (10 events):
Event: 2,411 Thread 0x00007fb9f40ac000 nmethod 1640 0x00007fb9e54aa910 code [0x00007fb9e54aaae0, 0x00007fb9e54ab498]
Event: 2,411 Thread 0x00007fb9f40ac000 1642       3       com.android.dx.merge.InstructionTransformer$TypeVisitor::visit (63 bytes)
Event: 2,412 Thread 0x00007fb9f40ac000 nmethod 1642 0x00007fb9e54ab890 code [0x00007fb9e54aba60, 0x00007fb9e54ac218]
Event: 2,414 Thread 0x00007fb9f40ac000 1643       3       com.android.dx.io.instructions.DecodedInstruction::getTargetUnit (45 bytes)
Event: 2,414 Thread 0x00007fb9f40ac000 nmethod 1643 0x00007fb9e54ac610 code [0x00007fb9e54ac800, 0x00007fb9e54ad108]
Event: 2,415 Thread 0x00007fb9f40a9000 1646       4       com.android.dx.io.instructions.InstructionCodec$5::decode (27 bytes)
Event: 2,416 Thread 0x00007fb9f40ac000 1650       3       com.android.dx.io.instructions.InstructionCodec$3::decode (35 bytes)
Event: 2,416 Thread 0x00007fb9f40a9000 nmethod 1646 0x00007fb9e54964d0 code [0x00007fb9e5496620, 0x00007fb9e5496738]
Event: 2,416 Thread 0x00007fb9f40a9000 1649       4       com.android.dx.io.instructions.InstructionCodec$5::encode (18 bytes)
Event: 2,417 Thread 0x00007fb9f40a9000 nmethod 1649 0x00007fb9e54a10d0 code [0x00007fb9e54a1240, 0x00007fb9e54a13b8]

GC Heap History (10 events):
Event: 1,431 GC heap after
Heap after GC invocations=4 (full 0):
 PSYoungGen      total 34304K, used 2502K [0x00000000eab00000, 0x00000000ecf00000, 0x0000000100000000)
  eden space 31744K, 0% used [0x00000000eab00000,0x00000000eab00000,0x00000000eca00000)
  from space 2560K, 97% used [0x00000000ecc80000,0x00000000ecef1a10,0x00000000ecf00000)
  to   space 2560K, 0% used [0x00000000eca00000,0x00000000eca00000,0x00000000ecc80000)
 ParOldGen       total 42496K, used 9040K [0x00000000c0000000, 0x00000000c2980000, 0x00000000eab00000)
  object space 42496K, 21% used [0x00000000c0000000,0x00000000c08d41e0,0x00000000c2980000)
 Metaspace       used 7037K, capacity 7492K, committed 7680K, reserved 1056768K
  class space    used 743K, capacity 756K, committed 768K, reserved 1048576K
}
Event: 1,514 GC heap before
{Heap before GC invocations=5 (full 0):
 PSYoungGen      total 34304K, used 34246K [0x00000000eab00000, 0x00000000ecf00000, 0x0000000100000000)
  eden space 31744K, 100% used [0x00000000eab00000,0x00000000eca00000,0x00000000eca00000)
  from space 2560K, 97% used [0x00000000ecc80000,0x00000000ecef1a10,0x00000000ecf00000)
  to   space 2560K, 0% used [0x00000000eca00000,0x00000000eca00000,0x00000000ecc80000)
 ParOldGen       total 42496K, used 9040K [0x00000000c0000000, 0x00000000c2980000, 0x00000000eab00000)
  object space 42496K, 21% used [0x00000000c0000000,0x00000000c08d41e0,0x00000000c2980000)
 Metaspace       used 7055K, capacity 7492K, committed 7680K, reserved 1056768K
  class space    used 743K, capacity 756K, committed 768K, reserved 1048576K
Event: 1,524 GC heap after
Heap after GC invocations=5 (full 0):
 PSYoungGen      total 34304K, used 2537K [0x00000000eab00000, 0x00000000ef800000, 0x0000000100000000)
  eden space 31744K, 0% used [0x00000000eab00000,0x00000000eab00000,0x00000000eca00000)
  from space 2560K, 99% used [0x00000000eca00000,0x00000000ecc7a438,0x00000000ecc80000)
  to   space 7680K, 0% used [0x00000000ef080000,0x00000000ef080000,0x00000000ef800000)
 ParOldGen       total 42496K, used 12290K [0x00000000c0000000, 0x00000000c2980000, 0x00000000eab00000)
  object space 42496K, 28% used [0x00000000c0000000,0x00000000c0c009c8,0x00000000c2980000)
 Metaspace       used 7055K, capacity 7492K, committed 7680K, reserved 1056768K
  class space    used 743K, capacity 756K, committed 768K, reserved 1048576K
}
Event: 1,601 GC heap before
{Heap before GC invocations=6 (full 0):
 PSYoungGen      total 34304K, used 33601K [0x00000000eab00000, 0x00000000ef800000, 0x0000000100000000)
  eden space 31744K, 97% used [0x00000000eab00000,0x00000000ec956300,0x00000000eca00000)
  from space 2560K, 99% used [0x00000000eca00000,0x00000000ecc7a438,0x00000000ecc80000)
  to   space 7680K, 0% used [0x00000000ef080000,0x00000000ef080000,0x00000000ef800000)
 ParOldGen       total 42496K, used 12290K [0x00000000c0000000, 0x00000000c2980000, 0x00000000eab00000)
  object space 42496K, 28% used [0x00000000c0000000,0x00000000c0c009c8,0x00000000c2980000)
 Metaspace       used 7146K, capacity 7498K, committed 7680K, reserved 1056768K
  class space    used 752K, capacity 757K, committed 768K, reserved 1048576K
Event: 1,610 GC heap after
Heap after GC invocations=6 (full 0):
 PSYoungGen      total 71168K, used 3371K [0x00000000eab00000, 0x00000000ef800000, 0x0000000100000000)
  eden space 63488K, 0% used [0x00000000eab00000,0x00000000eab00000,0x00000000ee900000)
  from space 7680K, 43% used [0x00000000ef080000,0x00000000ef3cad10,0x00000000ef800000)
  to   space 7680K, 0% used [0x00000000ee900000,0x00000000ee900000,0x00000000ef080000)
 ParOldGen       total 42496K, used 12290K [0x00000000c0000000, 0x00000000c2980000, 0x00000000eab00000)
  object space 42496K, 28% used [0x00000000c0000000,0x00000000c0c009c8,0x00000000c2980000)
 Metaspace       used 7146K, capacity 7498K, committed 7680K, reserved 1056768K
  class space    used 752K, capacity 757K, committed 768K, reserved 1048576K
}
Event: 1,751 GC heap before
{Heap before GC invocations=7 (full 0):
 PSYoungGen      total 71168K, used 66859K [0x00000000eab00000, 0x00000000ef800000, 0x0000000100000000)
  eden space 63488K, 100% used [0x00000000eab00000,0x00000000ee900000,0x00000000ee900000)
  from space 7680K, 43% used [0x00000000ef080000,0x00000000ef3cad10,0x00000000ef800000)
  to   space 7680K, 0% used [0x00000000ee900000,0x00000000ee900000,0x00000000ef080000)
 ParOldGen       total 42496K, used 12290K [0x00000000c0000000, 0x00000000c2980000, 0x00000000eab00000)
  object space 42496K, 28% used [0x00000000c0000000,0x00000000c0c009c8,0x00000000c2980000)
 Metaspace       used 7158K, capacity 7498K, committed 7680K, reserved 1056768K
  class space    used 752K, capacity 757K, committed 768K, reserved 1048576K
Event: 1,763 GC heap after
Heap after GC invocations=7 (full 0):
 PSYoungGen      total 71168K, used 7670K [0x00000000eab00000, 0x00000000f3900000, 0x0000000100000000)
  eden space 63488K, 0% used [0x00000000eab00000,0x00000000eab00000,0x00000000ee900000)
  from space 7680K, 99% used [0x00000000ee900000,0x00000000ef07d9d8,0x00000000ef080000)
  to   space 9216K, 0% used [0x00000000f3000000,0x00000000f3000000,0x00000000f3900000)
 ParOldGen       total 42496K, used 13466K [0x00000000c0000000, 0x00000000c2980000, 0x00000000eab00000)
  object space 42496K, 31% used [0x00000000c0000000,0x00000000c0d26b40,0x00000000c2980000)
 Metaspace       used 7158K, capacity 7498K, committed 7680K, reserved 1056768K
  class space    used 752K, capacity 757K, committed 768K, reserved 1048576K
}
Event: 1,887 GC heap before
{Heap before GC invocations=8 (full 0):
 PSYoungGen      total 71168K, used 71158K [0x00000000eab00000, 0x00000000f3900000, 0x0000000100000000)
  eden space 63488K, 100% used [0x00000000eab00000,0x00000000ee900000,0x00000000ee900000)
  from space 7680K, 99% used [0x00000000ee900000,0x00000000ef07d9d8,0x00000000ef080000)
  to   space 9216K, 0% used [0x00000000f3000000,0x00000000f3000000,0x00000000f3900000)
 ParOldGen       total 42496K, used 13466K [0x00000000c0000000, 0x00000000c2980000, 0x00000000eab00000)
  object space 42496K, 31% used [0x00000000c0000000,0x00000000c0d26b40,0x00000000c2980000)
 Metaspace       used 7173K, capacity 7498K, committed 7680K, reserved 1056768K
  class space    used 752K, capacity 757K, committed 768K, reserved 1048576K
Event: 1,906 GC heap after
Heap after GC invocations=8 (full 0):
 PSYoungGen      total 135168K, used 8348K [0x00000000eab00000, 0x00000000f3b00000, 0x0000000100000000)
  eden space 125952K, 0% used [0x00000000eab00000,0x00000000eab00000,0x00000000f2600000)
  from space 9216K, 90% used [0x00000000f3000000,0x00000000f3827090,0x00000000f3900000)
  to   space 10240K, 0% used [0x00000000f2600000,0x00000000f2600000,0x00000000f3000000)
 ParOldGen       total 42496K, used 18362K [0x00000000c0000000, 0x00000000c2980000, 0x00000000eab00000)
  object space 42496K, 43% used [0x00000000c0000000,0x00000000c11ee8c8,0x00000000c2980000)
 Metaspace       used 7173K, capacity 7498K, committed 7680K, reserved 1056768K
  class space    used 752K, capacity 757K, committed 768K, reserved 1048576K
}
Event: 2,418 GC heap before
{Heap before GC invocations=9 (full 0):
 PSYoungGen      total 135168K, used 134300K [0x00000000eab00000, 0x00000000f3b00000, 0x0000000100000000)
  eden space 125952K, 100% used [0x00000000eab00000,0x00000000f2600000,0x00000000f2600000)
  from space 9216K, 90% used [0x00000000f3000000,0x00000000f3827090,0x00000000f3900000)
  to   space 10240K, 0% used [0x00000000f2600000,0x00000000f2600000,0x00000000f3000000)
 ParOldGen       total 42496K, used 18362K [0x00000000c0000000, 0x00000000c2980000, 0x00000000eab00000)
  object space 42496K, 43% used [0x00000000c0000000,0x00000000c11ee8c8,0x00000000c2980000)
 Metaspace       used 7185K, capacity 7498K, committed 7680K, reserved 1056768K
  class space    used 752K, capacity 757K, committed 768K, reserved 1048576K

Deoptimization events (7 events):
Event: 0,967 Thread 0x00007fb9f400b800 Uncommon trap: reason=bimorphic action=maybe_recompile pc=0x00007fb9e52129b8 method=java.util.HashMap.getNode(ILjava/lang/Object;)Ljava/util/HashMap$Node; @ 126
Event: 0,968 Thread 0x00007fb9f400b800 Uncommon trap: reason=bimorphic action=maybe_recompile pc=0x00007fb9e52129b8 method=java.util.HashMap.getNode(ILjava/lang/Object;)Ljava/util/HashMap$Node; @ 126
Event: 0,971 Thread 0x00007fb9f400b800 Uncommon trap: reason=bimorphic action=maybe_recompile pc=0x00007fb9e52129b8 method=java.util.HashMap.getNode(ILjava/lang/Object;)Ljava/util/HashMap$Node; @ 126
Event: 1,052 Thread 0x00007fb9f400b800 Uncommon trap: reason=bimorphic action=maybe_recompile pc=0x00007fb9e51d70ec method=java.util.HashMap.getNode(ILjava/lang/Object;)Ljava/util/HashMap$Node; @ 126
Event: 1,107 Thread 0x00007fb9f400b800 Uncommon trap: reason=bimorphic action=maybe_recompile pc=0x00007fb9e52129b8 method=java.util.HashMap.getNode(ILjava/lang/Object;)Ljava/util/HashMap$Node; @ 126
Event: 1,254 Thread 0x00007fb9f400b800 Uncommon trap: reason=unreached action=reinterpret pc=0x00007fb9e52a5ac8 method=java.util.HashMap.getNode(ILjava/lang/Object;)Ljava/util/HashMap$Node; @ 84
Event: 1,301 Thread 0x00007fb9f400b800 Uncommon trap: reason=predicate action=maybe_recompile pc=0x00007fb9e5380e0c method=com.android.dex.Leb128.readUnsignedLeb128(Lcom/android/dex/util/ByteInput;)I @ 41

Internal exceptions (10 events):
Event: 1,132 Thread 0x00007fb9f400b800 Exception <a 'java/security/PrivilegedActionException'> (0x00000000ead476e0) thrown at [/HUDSON/workspace/8-2-build-linux-amd64/jdk8u25/1514/hotspot/src/share/vm/prims/jvm.cpp, line 1312]
Event: 1,132 Thread 0x00007fb9f400b800 Exception <a 'java/security/PrivilegedActionException'> (0x00000000ead4a7d8) thrown at [/HUDSON/workspace/8-2-build-linux-amd64/jdk8u25/1514/hotspot/src/share/vm/prims/jvm.cpp, line 1312]
Event: 1,133 Thread 0x00007fb9f400b800 Exception <a 'java/security/PrivilegedActionException'> (0x00000000ead4dd08) thrown at [/HUDSON/workspace/8-2-build-linux-amd64/jdk8u25/1514/hotspot/src/share/vm/prims/jvm.cpp, line 1312]
Event: 1,134 Thread 0x00007fb9f400b800 Exception <a 'java/security/PrivilegedActionException'> (0x00000000ead54f68) thrown at [/HUDSON/workspace/8-2-build-linux-amd64/jdk8u25/1514/hotspot/src/share/vm/prims/jvm.cpp, line 1312]
Event: 1,135 Thread 0x00007fb9f400b800 Exception <a 'java/security/PrivilegedActionException'> (0x00000000ead571c0) thrown at [/HUDSON/workspace/8-2-build-linux-amd64/jdk8u25/1514/hotspot/src/share/vm/prims/jvm.cpp, line 1312]
Event: 1,170 Thread 0x00007fb9f400b800 Exception <a 'java/security/PrivilegedActionException'> (0x00000000eadcb718) thrown at [/HUDSON/workspace/8-2-build-linux-amd64/jdk8u25/1514/hotspot/src/share/vm/prims/jvm.cpp, line 1312]
Event: 1,170 Thread 0x00007fb9f400b800 Exception <a 'java/security/PrivilegedActionException'> (0x00000000eadcba60) thrown at [/HUDSON/workspace/8-2-build-linux-amd64/jdk8u25/1514/hotspot/src/share/vm/prims/jvm.cpp, line 1312]
Event: 1,170 Thread 0x00007fb9f400b800 Exception <a 'java/security/PrivilegedActionException'> (0x00000000eadcdf10) thrown at [/HUDSON/workspace/8-2-build-linux-amd64/jdk8u25/1514/hotspot/src/share/vm/prims/jvm.cpp, line 1312]
Event: 1,170 Thread 0x00007fb9f400b800 Exception <a 'java/security/PrivilegedActionException'> (0x00000000eadce258) thrown at [/HUDSON/workspace/8-2-build-linux-amd64/jdk8u25/1514/hotspot/src/share/vm/prims/jvm.cpp, line 1312]
Event: 1,537 Thread 0x00007fb9f400b800 Exception <a 'java/security/PrivilegedActionException'> (0x00000000ead1d3f0) thrown at [/HUDSON/workspace/8-2-build-linux-amd64/jdk8u25/1514/hotspot/src/share/vm/prims/jvm.cpp, line 1312]

Events (10 events):
Event: 2,092 Thread 0x00007fb9f400b800 DEOPT UNPACKING pc=0x00007fb9e5046f73 sp=0x00007fb9fde04040 mode 0
Event: 2,092 Thread 0x00007fb9f400b800 DEOPT PACKING pc=0x00007fb9e52ff98f sp=0x00007fb9fde04330
Event: 2,092 Thread 0x00007fb9f400b800 DEOPT UNPACKING pc=0x00007fb9e5046f73 sp=0x00007fb9fde04040 mode 0
Event: 2,097 Thread 0x00007fb9f400b800 DEOPT PACKING pc=0x00007fb9e52ff98f sp=0x00007fb9fde04300
Event: 2,097 Thread 0x00007fb9f400b800 DEOPT UNPACKING pc=0x00007fb9e5046f73 sp=0x00007fb9fde04010 mode 0
Event: 2,102 Thread 0x00007fb9f400b800 DEOPT PACKING pc=0x00007fb9e52ff98f sp=0x00007fb9fde04300
Event: 2,102 Thread 0x00007fb9f400b800 DEOPT UNPACKING pc=0x00007fb9e5046f73 sp=0x00007fb9fde04010 mode 0
Event: 2,104 Thread 0x00007fb9f400b800 DEOPT PACKING pc=0x00007fb9e52ff98f sp=0x00007fb9fde042b0
Event: 2,104 Thread 0x00007fb9f400b800 DEOPT UNPACKING pc=0x00007fb9e5046f73 sp=0x00007fb9fde03fc0 mode 0
Event: 2,418 Executing VM operation: ParallelGCFailedAllocation


Dynamic libraries:
00400000-00401000 r-xp 00000000 08:01 537517                             /opt/java/jdk1.8.0_25/bin/java
00600000-00601000 rw-p 00000000 08:01 537517                             /opt/java/jdk1.8.0_25/bin/java
0232c000-0234d000 rw-p 00000000 00:00 0                                  [heap]
c0000000-c2980000 rw-p 00000000 00:00 0 
c2980000-eab00000 ---p 00000000 00:00 0 
eab00000-f3b00000 rw-p 00000000 00:00 0 
f8400000-100000000 ---p 00000000 00:00 0 
100000000-1000c0000 rw-p 00000000 00:00 0 
1000c0000-140000000 ---p 00000000 00:00 0 
7fb9b4000000-7fb9b4021000 rw-p 00000000 00:00 0 
7fb9b4021000-7fb9b8000000 ---p 00000000 00:00 0 
7fb9bc000000-7fb9bc64d000 rw-p 00000000 00:00 0 
7fb9bc64d000-7fb9c0000000 ---p 00000000 00:00 0 
7fb9c0000000-7fb9c0021000 rw-p 00000000 00:00 0 
7fb9c0021000-7fb9c4000000 ---p 00000000 00:00 0 
7fb9c4000000-7fb9c4021000 rw-p 00000000 00:00 0 
7fb9c4021000-7fb9c8000000 ---p 00000000 00:00 0 
7fb9c8000000-7fb9c8acd000 rw-p 00000000 00:00 0 
7fb9c8acd000-7fb9cc000000 ---p 00000000 00:00 0 
7fb9cc000000-7fb9cc021000 rw-p 00000000 00:00 0 
7fb9cc021000-7fb9d0000000 ---p 00000000 00:00 0 
7fb9d0000000-7fb9d0021000 rw-p 00000000 00:00 0 
7fb9d0021000-7fb9d4000000 ---p 00000000 00:00 0 
7fb9d4000000-7fb9d427f000 rw-p 00000000 00:00 0 
7fb9d427f000-7fb9d8000000 ---p 00000000 00:00 0 
7fb9d8000000-7fb9d8021000 rw-p 00000000 00:00 0 
7fb9d8021000-7fb9dc000000 ---p 00000000 00:00 0 
7fb9df2ba000-7fb9df2bb000 ---p 00000000 00:00 0 
7fb9df2bb000-7fb9df3bb000 rw-p 00000000 00:00 0                          [stack:8182]
7fb9df3bb000-7fb9df3be000 ---p 00000000 00:00 0 
7fb9df3be000-7fb9df4bc000 rw-p 00000000 00:00 0                          [stack:8181]
7fb9df4bc000-7fb9df4bf000 ---p 00000000 00:00 0 
7fb9df4bf000-7fb9df5bd000 rw-p 00000000 00:00 0                          [stack:8180]
7fb9df5bd000-7fb9df5c0000 ---p 00000000 00:00 0 
7fb9df5c0000-7fb9df6be000 rw-p 00000000 00:00 0                          [stack:8179]
7fb9df6be000-7fb9df6c1000 ---p 00000000 00:00 0 
7fb9df6c1000-7fb9df7bf000 rw-p 00000000 00:00 0                          [stack:8178]
7fb9df7bf000-7fb9dfbfc000 r--p 00000000 08:01 1188077                    /usr/lib/locale/locale-archive
7fb9dfbfc000-7fb9dfbff000 ---p 00000000 00:00 0 
7fb9dfbff000-7fb9dfcfd000 rw-p 00000000 00:00 0                          [stack:8177]
7fb9dfcfd000-7fb9dfd00000 ---p 00000000 00:00 0 
7fb9dfd00000-7fb9dfdfe000 rw-p 00000000 00:00 0                          [stack:8176]
7fb9dfdfe000-7fb9dfdff000 ---p 00000000 00:00 0 
7fb9dfdff000-7fb9e0000000 rw-p 00000000 00:00 0                          [stack:8175]
7fb9e0000000-7fb9e0021000 rw-p 00000000 00:00 0 
7fb9e0021000-7fb9e4000000 ---p 00000000 00:00 0 
7fb9e40cc000-7fb9e40d3000 r--s 00000000 08:01 1574232                    /usr/lib/x86_64-linux-gnu/gconv/gconv-modules.cache
7fb9e40d3000-7fb9e40f9000 r--p 00000000 08:01 154720                     /usr/share/locale-langpack/de/LC_MESSAGES/libc.mo
7fb9e40f9000-7fb9e4ec0000 rw-p 00000000 00:00 0 
7fb9e4ec0000-7fb9e5000000 ---p 00000000 00:00 0 
7fb9e5000000-7fb9e54c0000 rwxp 00000000 00:00 0 
7fb9e54c0000-7fb9f4000000 ---p 00000000 00:00 0 
7fb9f4000000-7fb9f4384000 rw-p 00000000 00:00 0 
7fb9f4384000-7fb9f8000000 ---p 00000000 00:00 0 
7fb9f8005000-7fb9f800f000 r--s 00116000 08:01 417275                     /opt/java/jdk1.8.0_25/jre/lib/ext/localedata.jar
7fb9f800f000-7fb9f801e000 r--s 000dd000 08:01 551679                     /home/tino/Android/Sdk/build-tools/21.1.2/lib/dx.jar
7fb9f801e000-7fb9f8182000 rw-p 00000000 00:00 0 
7fb9f8182000-7fb9f8358000 r--s 03caa000 08:01 417266                     /opt/java/jdk1.8.0_25/jre/lib/rt.jar
7fb9f8358000-7fb9fa5ce000 rw-p 00000000 00:00 0 
7fb9fa5ce000-7fb9fa5cf000 ---p 00000000 00:00 0 
7fb9fa5cf000-7fb9fa6cf000 rw-p 00000000 00:00 0                          [stack:8174]
7fb9fa6cf000-7fb9fa6d0000 ---p 00000000 00:00 0 
7fb9fa6d0000-7fb9fa7e5000 rw-p 00000000 00:00 0                          [stack:8173]
7fb9fa7e5000-7fb9fa926000 ---p 00000000 00:00 0 
7fb9fa926000-7fb9fa93b000 rw-p 00000000 00:00 0 
7fb9fa93b000-7fb9faa7b000 ---p 00000000 00:00 0 
7fb9faa7b000-7fb9faac4000 rw-p 00000000 00:00 0 
7fb9faac4000-7fb9fab26000 ---p 00000000 00:00 0 
7fb9fab26000-7fb9fab3a000 rw-p 00000000 00:00 0 
7fb9fab3a000-7fb9faee7000 ---p 00000000 00:00 0 
7fb9faee7000-7fb9faf01000 r-xp 00000000 08:01 417217                     /opt/java/jdk1.8.0_25/jre/lib/amd64/libzip.so
7fb9faf01000-7fb9fb101000 ---p 0001a000 08:01 417217                     /opt/java/jdk1.8.0_25/jre/lib/amd64/libzip.so
7fb9fb101000-7fb9fb102000 rw-p 0001a000 08:01 417217                     /opt/java/jdk1.8.0_25/jre/lib/amd64/libzip.so
7fb9fb102000-7fb9fb10d000 r-xp 00000000 08:01 135586                     /lib/x86_64-linux-gnu/libnss_files-2.19.so
7fb9fb10d000-7fb9fb30c000 ---p 0000b000 08:01 135586                     /lib/x86_64-linux-gnu/libnss_files-2.19.so
7fb9fb30c000-7fb9fb30d000 r--p 0000a000 08:01 135586                     /lib/x86_64-linux-gnu/libnss_files-2.19.so
7fb9fb30d000-7fb9fb30e000 rw-p 0000b000 08:01 135586                     /lib/x86_64-linux-gnu/libnss_files-2.19.so
7fb9fb30e000-7fb9fb319000 r-xp 00000000 08:01 135596                     /lib/x86_64-linux-gnu/libnss_nis-2.19.so
7fb9fb319000-7fb9fb518000 ---p 0000b000 08:01 135596                     /lib/x86_64-linux-gnu/libnss_nis-2.19.so
7fb9fb518000-7fb9fb519000 r--p 0000a000 08:01 135596                     /lib/x86_64-linux-gnu/libnss_nis-2.19.so
7fb9fb519000-7fb9fb51a000 rw-p 0000b000 08:01 135596                     /lib/x86_64-linux-gnu/libnss_nis-2.19.so
7fb9fb51a000-7fb9fb531000 r-xp 00000000 08:01 135580                     /lib/x86_64-linux-gnu/libnsl-2.19.so
7fb9fb531000-7fb9fb730000 ---p 00017000 08:01 135580                     /lib/x86_64-linux-gnu/libnsl-2.19.so
7fb9fb730000-7fb9fb731000 r--p 00016000 08:01 135580                     /lib/x86_64-linux-gnu/libnsl-2.19.so
7fb9fb731000-7fb9fb732000 rw-p 00017000 08:01 135580                     /lib/x86_64-linux-gnu/libnsl-2.19.so
7fb9fb732000-7fb9fb734000 rw-p 00000000 00:00 0 
7fb9fb734000-7fb9fb73d000 r-xp 00000000 08:01 135582                     /lib/x86_64-linux-gnu/libnss_compat-2.19.so
7fb9fb73d000-7fb9fb93c000 ---p 00009000 08:01 135582                     /lib/x86_64-linux-gnu/libnss_compat-2.19.so
7fb9fb93c000-7fb9fb93d000 r--p 00008000 08:01 135582                     /lib/x86_64-linux-gnu/libnss_compat-2.19.so
7fb9fb93d000-7fb9fb93e000 rw-p 00009000 08:01 135582                     /lib/x86_64-linux-gnu/libnss_compat-2.19.so
7fb9fb93e000-7fb9fb968000 r-xp 00000000 08:01 417196                     /opt/java/jdk1.8.0_25/jre/lib/amd64/libjava.so
7fb9fb968000-7fb9fbb68000 ---p 0002a000 08:01 417196                     /opt/java/jdk1.8.0_25/jre/lib/amd64/libjava.so
7fb9fbb68000-7fb9fbb6a000 rw-p 0002a000 08:01 417196                     /opt/java/jdk1.8.0_25/jre/lib/amd64/libjava.so
7fb9fbb6a000-7fb9fbb77000 r-xp 00000000 08:01 417211                     /opt/java/jdk1.8.0_25/jre/lib/amd64/libverify.so
7fb9fbb77000-7fb9fbd77000 ---p 0000d000 08:01 417211                     /opt/java/jdk1.8.0_25/jre/lib/amd64/libverify.so
7fb9fbd77000-7fb9fbd79000 rw-p 0000d000 08:01 417211                     /opt/java/jdk1.8.0_25/jre/lib/amd64/libverify.so
7fb9fbd79000-7fb9fbd80000 r-xp 00000000 08:01 135639                     /lib/x86_64-linux-gnu/librt-2.19.so
7fb9fbd80000-7fb9fbf7f000 ---p 00007000 08:01 135639                     /lib/x86_64-linux-gnu/librt-2.19.so
7fb9fbf7f000-7fb9fbf80000 r--p 00006000 08:01 135639                     /lib/x86_64-linux-gnu/librt-2.19.so
7fb9fbf80000-7fb9fbf81000 rw-p 00007000 08:01 135639                     /lib/x86_64-linux-gnu/librt-2.19.so
7fb9fbf81000-7fb9fc086000 r-xp 00000000 08:01 135561                     /lib/x86_64-linux-gnu/libm-2.19.so
7fb9fc086000-7fb9fc285000 ---p 00105000 08:01 135561                     /lib/x86_64-linux-gnu/libm-2.19.so
7fb9fc285000-7fb9fc286000 r--p 00104000 08:01 135561                     /lib/x86_64-linux-gnu/libm-2.19.so
7fb9fc286000-7fb9fc287000 rw-p 00105000 08:01 135561                     /lib/x86_64-linux-gnu/libm-2.19.so
7fb9fc287000-7fb9fcef4000 r-xp 00000000 08:01 417233                     /opt/java/jdk1.8.0_25/jre/lib/amd64/server/libjvm.so
7fb9fcef4000-7fb9fd0f3000 ---p 00c6d000 08:01 417233                     /opt/java/jdk1.8.0_25/jre/lib/amd64/server/libjvm.so
7fb9fd0f3000-7fb9fd1c9000 rw-p 00c6c000 08:01 417233                     /opt/java/jdk1.8.0_25/jre/lib/amd64/server/libjvm.so
7fb9fd1c9000-7fb9fd20c000 rw-p 00000000 00:00 0 
7fb9fd20c000-7fb9fd3c7000 r-xp 00000000 08:01 135510                     /lib/x86_64-linux-gnu/libc-2.19.so
7fb9fd3c7000-7fb9fd5c7000 ---p 001bb000 08:01 135510                     /lib/x86_64-linux-gnu/libc-2.19.so
7fb9fd5c7000-7fb9fd5cb000 r--p 001bb000 08:01 135510                     /lib/x86_64-linux-gnu/libc-2.19.so
7fb9fd5cb000-7fb9fd5cd000 rw-p 001bf000 08:01 135510                     /lib/x86_64-linux-gnu/libc-2.19.so
7fb9fd5cd000-7fb9fd5d2000 rw-p 00000000 00:00 0 
7fb9fd5d2000-7fb9fd5d5000 r-xp 00000000 08:01 135527                     /lib/x86_64-linux-gnu/libdl-2.19.so
7fb9fd5d5000-7fb9fd7d4000 ---p 00003000 08:01 135527                     /lib/x86_64-linux-gnu/libdl-2.19.so
7fb9fd7d4000-7fb9fd7d5000 r--p 00002000 08:01 135527                     /lib/x86_64-linux-gnu/libdl-2.19.so
7fb9fd7d5000-7fb9fd7d6000 rw-p 00003000 08:01 135527                     /lib/x86_64-linux-gnu/libdl-2.19.so
7fb9fd7d6000-7fb9fd7eb000 r-xp 00000000 08:01 416291                     /opt/java/jdk1.8.0_25/lib/amd64/jli/libjli.so
7fb9fd7eb000-7fb9fd9ea000 ---p 00015000 08:01 416291                     /opt/java/jdk1.8.0_25/lib/amd64/jli/libjli.so
7fb9fd9ea000-7fb9fd9eb000 rw-p 00014000 08:01 416291                     /opt/java/jdk1.8.0_25/lib/amd64/jli/libjli.so
7fb9fd9eb000-7fb9fda04000 r-xp 00000000 08:01 135631                     /lib/x86_64-linux-gnu/libpthread-2.19.so
7fb9fda04000-7fb9fdc03000 ---p 00019000 08:01 135631                     /lib/x86_64-linux-gnu/libpthread-2.19.so
7fb9fdc03000-7fb9fdc04000 r--p 00018000 08:01 135631                     /lib/x86_64-linux-gnu/libpthread-2.19.so
7fb9fdc04000-7fb9fdc05000 rw-p 00019000 08:01 135631                     /lib/x86_64-linux-gnu/libpthread-2.19.so
7fb9fdc05000-7fb9fdc09000 rw-p 00000000 00:00 0 
7fb9fdc09000-7fb9fdc2c000 r-xp 00000000 08:01 135486                     /lib/x86_64-linux-gnu/ld-2.19.so
7fb9fdc2f000-7fb9fdc33000 r--s 00093000 08:01 417269                     /opt/java/jdk1.8.0_25/jre/lib/jsse.jar
7fb9fdc33000-7fb9fdd05000 rw-p 00000000 00:00 0 
7fb9fdd05000-7fb9fdd08000 ---p 00000000 00:00 0 
7fb9fdd08000-7fb9fde1f000 rw-p 00000000 00:00 0                          [stack:8172]
7fb9fde1f000-7fb9fde27000 rw-s 00000000 08:01 1711345                    /tmp/hsperfdata_tino/8167
7fb9fde27000-7fb9fde28000 rw-p 00000000 00:00 0 
7fb9fde28000-7fb9fde29000 ---p 00000000 00:00 0 
7fb9fde29000-7fb9fde2b000 rw-p 00000000 00:00 0 
7fb9fde2b000-7fb9fde2c000 r--p 00022000 08:01 135486                     /lib/x86_64-linux-gnu/ld-2.19.so
7fb9fde2c000-7fb9fde2d000 rw-p 00023000 08:01 135486                     /lib/x86_64-linux-gnu/ld-2.19.so
7fb9fde2d000-7fb9fde2e000 rw-p 00000000 00:00 0 
7fffa72ea000-7fffa730c000 rw-p 00000000 00:00 0                          [stack]
7fffa73fe000-7fffa7400000 r-xp 00000000 00:00 0                          [vdso]
ffffffffff600000-ffffffffff601000 r-xp 00000000 00:00 0                  [vsyscall]

VM Arguments:
jvm_args: -Xmx1024M -Dfile.encoding=UTF-8 -Duser.country=DE -Duser.language=de -Duser.variant 
java_command: com.android.dx.command.Main --dex --output /home/tino/Programmierung/semester5/Projektstudium/htwplus/app/build/intermediates/dex/debug /home/tino/Programmierung/semester5/Projektstudium/htwplus/app/build/intermediates/classes/debug /home/tino/Programmierung/semester5/Projektstudium/htwplus/app/build/intermediates/pre-dexed/debug/support-annotations-21.0.3-6baeb8c00781a1006dd50acbdbe4c828639e2a7b.jar /home/tino/Programmierung/semester5/Projektstudium/htwplus/app/build/intermediates/pre-dexed/debug/google-http-client-jackson2-1.20.0-9cc43344e09d672749071bb09a3adca3dfea0af4.jar /home/tino/Programmierung/semester5/Projektstudium/htwplus/app/build/intermediates/pre-dexed/debug/classes-5af9bbbf135822705ee4bee39147ff07c39322a3.jar /home/tino/Programmierung/semester5/Projektstudium/htwplus/app/build/intermediates/pre-dexed/debug/jackson-annotations-2.4.0-78272700c3d981d294f43f98ea651277a0f8a8f1.jar /home/tino/Programmierung/semester5/Projektstudium/htwplus/app/build/intermediates/pre-dexed/debug/google-api-services-oauth2-v1-rev94-1.20.0-9f55b6207f6380adbd478cd3c8773e38c208cd1d.jar /home/tino/Programmierung/semester5/Projektstudium/htwplus/app/build/intermediates/pre-dexed/debug/funclite-0.2.0-7a80bfd408208a7c8f9058c65c4f1b33e333f020.jar /home/tino/Programmierung/semester5/Projektstudium/htwplus/app/build/intermediates/pre-dexed/debug/jsr305-1.3.9-bb1bb5f0951a25b07f902676f25e939de89b9632.jar /home/tino/Programmierung/semester5/Projektstudium/htwplus/app/build/intermediates/pre-dexed/debug/google-oauth-client-1.20.0-84a0702b11bc603341f6a3d591deebf298926729.jar /home/tino/Programmierung/semester5/Projektstudium/htwplus/app/build/intermediates/pre-dexed/debug/json-collection-3.1.0-64e00915595cde8a8c7c2b895d670b8776f62b97.jar /home/tino/Programmierung/semester5/Projektstudium/htwplus/app/build/intermediates/pre-dexed/debug/library-1.0.16-742db17c133e667219681d78356d0025f7965e71.jar /home/tino/Programmierung/semester5/Projektstudium/htwplus/app/build/intermediat
java_class_path (initial): /home/tino/Android/Sdk/build-tools/21.1.2/lib/dx.jar
Launcher Type: SUN_STANDARD

Environment Variables:
JAVA_HOME=/usr/lib/jvm/java-7-openjdk-amd64
PATH=/usr/local/sbin:/usr/local/bin:/usr/sbin:/usr/bin:/sbin:/bin:/usr/games:/usr/local/games:/usr/share/ant/bin:/home/tino/TypeSafeActivator:/home/tino/Android/Sdk/platform-tools:/home/tino/Android/Sdk/tools
USERNAME=tino
LD_LIBRARY_PATH=/opt/android-studio/bin:
SHELL=/bin/bash
DISPLAY=:0.0

Signal Handlers:
SIGSEGV: [libjvm.so+0xa79a80], sa_mask[0]=11111111011111111101111111111110, sa_flags=SA_RESTART|SA_SIGINFO
SIGBUS: [libjvm.so+0xa79a80], sa_mask[0]=11111111011111111101111111111110, sa_flags=SA_RESTART|SA_SIGINFO
SIGFPE: [libjvm.so+0x8e24e0], sa_mask[0]=11111111011111111101111111111110, sa_flags=SA_RESTART|SA_SIGINFO
SIGPIPE: [libjvm.so+0x8e24e0], sa_mask[0]=11111111011111111101111111111110, sa_flags=SA_RESTART|SA_SIGINFO
SIGXFSZ: [libjvm.so+0x8e24e0], sa_mask[0]=11111111011111111101111111111110, sa_flags=SA_RESTART|SA_SIGINFO
SIGILL: [libjvm.so+0x8e24e0], sa_mask[0]=11111111011111111101111111111110, sa_flags=SA_RESTART|SA_SIGINFO
SIGUSR1: SIG_DFL, sa_mask[0]=00000000000000000000000000000000, sa_flags=none
SIGUSR2: [libjvm.so+0x8e3d10], sa_mask[0]=00100000000000000000000000000000, sa_flags=SA_RESTART|SA_SIGINFO
SIGHUP: [libjvm.so+0x8e50d0], sa_mask[0]=11111111011111111101111111111110, sa_flags=SA_RESTART|SA_SIGINFO
SIGINT: [libjvm.so+0x8e50d0], sa_mask[0]=11111111011111111101111111111110, sa_flags=SA_RESTART|SA_SIGINFO
SIGTERM: [libjvm.so+0x8e50d0], sa_mask[0]=11111111011111111101111111111110, sa_flags=SA_RESTART|SA_SIGINFO
SIGQUIT: [libjvm.so+0x8e50d0], sa_mask[0]=11111111011111111101111111111110, sa_flags=SA_RESTART|SA_SIGINFO


---------------  S Y S T E M  ---------------

OS:DISTRIB_ID=LinuxMint
DISTRIB_RELEASE=17.1
DISTRIB_CODENAME=rebecca
DISTRIB_DESCRIPTION="Linux Mint 17.1 Rebecca"

uname:Linux 3.13.0-37-generic #64-Ubuntu SMP Mon Sep 22 21:28:38 UTC 2014 x86_64
libc:glibc 2.19 NPTL 2.19 
rlimit: STACK 8192k, CORE 0k, NPROC 31383, NOFILE 4096, AS infinity
load average:1,09 1,01 0,88

/proc/meminfo:
MemTotal:        4048240 kB
MemFree:           87112 kB
Buffers:            1124 kB
Cached:            75744 kB
SwapCached:            0 kB
Active:          3790248 kB
Inactive:          49540 kB
Active(anon):    3764000 kB
Inactive(anon):    20320 kB
Active(file):      26248 kB
Inactive(file):    29220 kB
Unevictable:           0 kB
Mlocked:               0 kB
SwapTotal:             0 kB
SwapFree:              0 kB
Dirty:              7460 kB
Writeback:             0 kB
AnonPages:       3763124 kB
Mapped:            58424 kB
Shmem:             21200 kB
Slab:              41276 kB
SReclaimable:      21684 kB
SUnreclaim:        19592 kB
KernelStack:        3856 kB
PageTables:        25984 kB
NFS_Unstable:          0 kB
Bounce:                0 kB
WritebackTmp:          0 kB
CommitLimit:     2024120 kB
Committed_AS:    5710348 kB
VmallocTotal:   34359738367 kB
VmallocUsed:       54108 kB
VmallocChunk:   34359680551 kB
HardwareCorrupted:     0 kB
AnonHugePages:   2269184 kB
HugePages_Total:       0
HugePages_Free:        0
HugePages_Rsvd:        0
HugePages_Surp:        0
Hugepagesize:       2048 kB
DirectMap4k:       63424 kB
DirectMap2M:     4130816 kB


CPU:total 2 (2 cores per cpu, 1 threads per core) family 6 model 60 stepping 3, cmov, cx8, fxsr, mmx, sse, sse2, sse3, ssse3, tsc

/proc/cpuinfo:
processor	: 0
vendor_id	: GenuineIntel
cpu family	: 6
model		: 60
model name	: Intel(R) Core(TM) i7-4790 CPU @ 3.60GHz
stepping	: 3
microcode	: 0x19
cpu MHz		: 3556.428
cache size	: 6144 KB
physical id	: 0
siblings	: 2
core id		: 0
cpu cores	: 2
apicid		: 0
initial apicid	: 0
fpu		: yes
fpu_exception	: yes
cpuid level	: 5
wp		: yes
flags		: fpu vme de pse tsc msr pae mce cx8 apic sep mtrr pge mca cmov pat pse36 clflush mmx fxsr sse sse2 ht syscall nx rdtscp lm constant_tsc rep_good nopl pni ssse3 lahf_lm
bogomips	: 7112.85
clflush size	: 64
cache_alignment	: 64
address sizes	: 39 bits physical, 48 bits virtual
power management:

processor	: 1
vendor_id	: GenuineIntel
cpu family	: 6
model		: 60
model name	: Intel(R) Core(TM) i7-4790 CPU @ 3.60GHz
stepping	: 3
microcode	: 0x19
cpu MHz		: 3556.428
cache size	: 6144 KB
physical id	: 0
siblings	: 2
core id		: 1
cpu cores	: 2
apicid		: 1
initial apicid	: 1
fpu		: yes
fpu_exception	: yes
cpuid level	: 5
wp		: yes
flags		: fpu vme de pse tsc msr pae mce cx8 apic sep mtrr pge mca cmov pat pse36 clflush mmx fxsr sse sse2 ht syscall nx rdtscp lm constant_tsc rep_good nopl pni ssse3 lahf_lm
bogomips	: 7112.85
clflush size	: 64
cache_alignment	: 64
address sizes	: 39 bits physical, 48 bits virtual
power management:



Memory: 4k page, physical 4048240k(87112k free), swap 0k(0k free)

vm_info: Java HotSpot(TM) 64-Bit Server VM (25.25-b02) for linux-amd64 JRE (1.8.0_25-b17), built on Sep 17 2014 17:32:11 by "java_re" with gcc 4.3.0 20080428 (Red Hat 4.3.0-8)

time: Tue Jun 23 21:01:47 2015
elapsed time: 2 seconds (0d 0h 0m 2s)

